[2025-08-19T00:21:15.695395+00:00] gps_attendance.DEBUG: Logger initialized (debug mode active) [] []
[2025-08-19T00:21:15.703710+00:00] gps_attendance.INFO: Bootstrap loaded [] []
[2025-08-19T00:36:28.812423+00:00] gps_attendance.DEBUG: Logger initialized (debug mode active) [] []
[2025-08-19T00:36:28.819998+00:00] gps_attendance.INFO: Bootstrap loaded [] []
[2025-11-11T00:03:54.531872+00:00] gps_attendance.DEBUG: Logger initialized (debug mode active) [] []
[2025-11-11T00:03:54.536891+00:00] gps_attendance.INFO: Bootstrap loaded [] []
[2025-11-11T00:04:54.731440+00:00] gps_attendance.DEBUG: Logger initialized (debug mode active) [] []
[2025-11-11T00:04:54.736871+00:00] gps_attendance.INFO: Bootstrap loaded [] []
[2025-11-11T00:05:16.197991+00:00] gps_attendance.DEBUG: Logger initialized (debug mode active) [] []
[2025-11-11T00:05:16.201465+00:00] gps_attendance.INFO: Bootstrap loaded [] []
[2025-11-11T00:05:18.785861+00:00] gps_attendance.DEBUG: Logger initialized (debug mode active) [] []
[2025-11-11T00:05:18.792880+00:00] gps_attendance.INFO: Bootstrap loaded [] []
[2025-11-11T00:08:11.160760+00:00] gps_attendance.DEBUG: Logger initialized (debug mode active) [] []
[2025-11-11T00:08:11.305449+00:00] gps_attendance.INFO: Bootstrap loaded [] []
[2025-11-11T00:09:25.940585+00:00] gps_attendance.DEBUG: Logger initialized (debug mode active) [] []
[2025-11-11T00:09:25.943143+00:00] gps_attendance.INFO: Bootstrap loaded [] []
[2025-11-11T00:21:55.125290+00:00] gps_attendance.DEBUG: Logger initialized (debug mode active) [] []
[2025-11-11T00:21:55.129998+00:00] gps_attendance.INFO: Bootstrap loaded [] []
[2025-11-11T00:24:44.583304+00:00] gps_attendance.DEBUG: Logger initialized (debug mode active) [] []
[2025-11-11T00:24:44.589177+00:00] gps_attendance.INFO: Bootstrap loaded [] []
[2025-11-11T00:24:56.121796+00:00] gps_attendance.DEBUG: Logger initialized (debug mode active) [] []
[2025-11-11T00:24:56.124943+00:00] gps_attendance.INFO: Bootstrap loaded [] []
[2025-11-11T00:26:47.224763+00:00] gps_attendance.DEBUG: Logger initialized (debug mode active) [] []
[2025-11-11T00:26:47.227711+00:00] gps_attendance.INFO: Bootstrap loaded [] []
[2025-11-11T00:30:00.792896+00:00] gps_attendance.DEBUG: Logger initialized (debug mode active) [] []
[2025-11-11T00:30:00.798373+00:00] gps_attendance.INFO: Bootstrap loaded [] []
[2025-11-11T00:31:27.117163+00:00] gps_attendance.DEBUG: Logger initialized (debug mode active) [] []
[2025-11-11T00:31:27.122343+00:00] gps_attendance.INFO: Bootstrap loaded [] []
[2025-11-11T00:35:08.109389+00:00] gps_attendance.DEBUG: Logger initialized (debug mode active) [] []
[2025-11-11T00:35:08.111642+00:00] gps_attendance.INFO: Bootstrap loaded [] []
[2025-11-11T00:40:55.460550+00:00] gps_attendance.DEBUG: Logger initialized (debug mode active) [] []
[2025-11-11T00:40:55.463968+00:00] gps_attendance.INFO: Bootstrap loaded [] []
[2025-11-11T15:33:38.026746+00:00] gps_attendance.DEBUG: Logger initialized (debug mode active) [] []
[2025-11-11T15:33:38.035660+00:00] gps_attendance.INFO: Bootstrap loaded [] []
[2025-11-11T15:34:22.878494+00:00] gps_attendance.DEBUG: Logger initialized (debug mode active) [] []
[2025-11-11T15:34:22.884505+00:00] gps_attendance.INFO: Bootstrap loaded [] []
[2025-11-11T15:37:13.689885+00:00] gps_attendance.DEBUG: Logger initialized (debug mode active) [] []
[2025-11-11T15:37:13.693757+00:00] gps_attendance.INFO: Bootstrap loaded [] []
[2025-11-11T15:39:53.686037+00:00] gps_attendance.DEBUG: Logger initialized (debug mode active) [] []
[2025-11-11T15:39:53.711722+00:00] gps_attendance.INFO: Bootstrap loaded [] []
[2025-11-11T15:40:51.461872+00:00] gps_attendance.DEBUG: Logger initialized (debug mode active) [] []
[2025-11-11T15:40:51.489656+00:00] gps_attendance.INFO: Bootstrap loaded [] []
[2025-11-11T15:48:15.307223+00:00] gps_attendance.DEBUG: Logger initialized (debug mode active) [] []
[2025-11-11T15:48:15.311797+00:00] gps_attendance.INFO: Bootstrap loaded [] []
[2025-11-11T17:14:28.614499+00:00] gps_attendance.DEBUG: Logger initialized (debug mode active) [] []
[2025-11-11T17:14:28.625205+00:00] gps_attendance.INFO: Bootstrap loaded [] []
[2025-11-11T17:14:51.502039+00:00] gps_attendance.DEBUG: Logger initialized (debug mode active) [] []
[2025-11-11T17:14:51.507994+00:00] gps_attendance.INFO: Bootstrap loaded [] []
[2025-11-11T17:15:10.041678+00:00] gps_attendance.DEBUG: Logger initialized (debug mode active) [] []
[2025-11-11T17:15:10.051137+00:00] gps_attendance.INFO: Bootstrap loaded [] []
[2025-11-11T17:15:57.222139+00:00] gps_attendance.DEBUG: Logger initialized (debug mode active) [] []
[2025-11-11T17:15:57.230862+00:00] gps_attendance.INFO: Bootstrap loaded [] []
[2025-11-11T17:16:08.522604+00:00] gps_attendance.DEBUG: Logger initialized (debug mode active) [] []
[2025-11-11T17:16:08.529051+00:00] gps_attendance.INFO: Bootstrap loaded [] []
[2025-11-11T17:16:12.110673+00:00] gps_attendance.DEBUG: Logger initialized (debug mode active) [] []
[2025-11-11T17:16:12.114798+00:00] gps_attendance.INFO: Bootstrap loaded [] []
[2025-11-11T18:09:54.937634+00:00] gps_attendance.DEBUG: Logger initialized (debug mode active) [] []
[2025-11-11T18:09:54.946115+00:00] gps_attendance.INFO: Bootstrap loaded [] []
[2025-11-11T20:01:37.940840+00:00] gps_attendance.DEBUG: Logger initialized (debug mode active) [] []
[2025-11-11T20:01:37.946920+00:00] gps_attendance.INFO: Bootstrap loaded [] []
[2025-11-11T21:01:56.281320+00:00] gps_attendance.DEBUG: Logger initialized (debug mode active) [] []
[2025-11-11T21:01:56.284863+00:00] gps_attendance.INFO: Bootstrap loaded [] []
[2025-11-11T21:05:44.014652+00:00] gps_attendance.DEBUG: Logger initialized (debug mode active) [] []
[2025-11-11T21:05:44.017586+00:00] gps_attendance.INFO: Bootstrap loaded [] []
[2025-11-11T21:06:53.993600+00:00] gps_attendance.DEBUG: Logger initialized (debug mode active) [] []
[2025-11-11T21:06:53.995150+00:00] gps_attendance.INFO: Bootstrap loaded [] []
[2025-11-11T21:44:21.183092+00:00] gps_attendance.DEBUG: Logger initialized (debug mode active) [] []
[2025-11-11T21:44:21.186098+00:00] gps_attendance.INFO: Bootstrap loaded [] []
[2025-11-11T21:45:59.765106+00:00] gps_attendance.DEBUG: Logger initialized (debug mode active) [] []
[2025-11-11T21:45:59.769013+00:00] gps_attendance.INFO: Bootstrap loaded [] []
[2025-11-11T21:49:00.434398+00:00] gps_attendance.DEBUG: Logger initialized (debug mode active) [] []
[2025-11-11T21:49:00.436303+00:00] gps_attendance.INFO: Bootstrap loaded [] []
[2025-11-11T21:49:00.504230+00:00] gps_attendance.INFO: Link created {"id":"0ffbb8ea-36d7-4179-a736-0c20f89932e8","lat":8.165726,"lng":4.265793,"radius":100,"target_url":"https://google.com","expires":"2025-11-11T22:07:00+00:00","created":"2025-11-11T21:49:00+00:00"} []
[2025-11-11T21:49:54.011380+00:00] gps_attendance.DEBUG: Logger initialized (debug mode active) [] []
[2025-11-11T21:49:54.013384+00:00] gps_attendance.INFO: Bootstrap loaded [] []
[2025-11-11T21:50:02.975685+00:00] gps_attendance.DEBUG: Logger initialized (debug mode active) [] []
[2025-11-11T21:50:02.977958+00:00] gps_attendance.INFO: Bootstrap loaded [] []
[2025-11-11T21:50:13.983041+00:00] gps_attendance.DEBUG: Logger initialized (debug mode active) [] []
[2025-11-11T21:50:13.985627+00:00] gps_attendance.INFO: Bootstrap loaded [] []
[2025-11-11T21:51:08.489397+00:00] gps_attendance.DEBUG: Logger initialized (debug mode active) [] []
[2025-11-11T21:51:08.491812+00:00] gps_attendance.INFO: Bootstrap loaded [] []
[2025-11-11T22:06:39.824229+00:00] gps_attendance.DEBUG: Logger initialized (debug mode active) [] []
[2025-11-11T22:06:39.831810+00:00] gps_attendance.INFO: Bootstrap loaded [] []
[2025-11-11T22:11:17.293200+00:00] gps_attendance.DEBUG: Logger initialized (debug mode active) [] []
[2025-11-11T22:11:17.303251+00:00] gps_attendance.INFO: Bootstrap loaded [] []
[2025-11-11T22:12:39.462442+00:00] gps_attendance.DEBUG: Logger initialized (debug mode active) [] []
[2025-11-11T22:12:39.475871+00:00] gps_attendance.INFO: Bootstrap loaded [] []
[2025-11-11T22:16:07.712082+00:00] gps_attendance.DEBUG: Logger initialized (debug mode active) [] []
[2025-11-11T22:16:07.720626+00:00] gps_attendance.INFO: Bootstrap loaded [] []
[2025-11-11T22:16:48.668219+00:00] gps_attendance.DEBUG: Logger initialized (debug mode active) [] []
[2025-11-11T22:16:48.670948+00:00] gps_attendance.INFO: Bootstrap loaded [] []
[2025-11-11T22:17:20.828881+00:00] gps_attendance.DEBUG: Logger initialized (debug mode active) [] []
[2025-11-11T22:17:20.836419+00:00] gps_attendance.INFO: Bootstrap loaded [] []
[2025-11-11T22:17:52.919164+00:00] gps_attendance.DEBUG: Logger initialized (debug mode active) [] []
[2025-11-11T22:17:52.926852+00:00] gps_attendance.INFO: Bootstrap loaded [] []
[2025-11-11T22:17:53.118977+00:00] gps_attendance.INFO: Link created {"id":"1326e9f5-8d70-4530-b0a9-dde848aa6da7","lat":8.165726,"lng":4.265793,"radius":100,"target_url":"https://google.com","expires":"2025-11-12T00:00:00+00:00","created":"2025-11-11T22:17:53+00:00"} []
[2025-11-11T22:18:38.608764+00:00] gps_attendance.DEBUG: Logger initialized (debug mode active) [] []
[2025-11-11T22:18:38.611355+00:00] gps_attendance.INFO: Bootstrap loaded [] []
[2025-11-11T22:18:38.622107+00:00] gps_attendance.INFO: Expired token accessed {"jti":"1326e9f5-8d70-4530-b0a9-dde848aa6da7"} []
[2025-11-12T19:53:06.874938+00:00] gps_attendance.DEBUG: Logger initialized (debug mode active) [] []
[2025-11-12T19:53:06.879420+00:00] gps_attendance.INFO: Bootstrap loaded [] []
[2025-11-12T19:54:31.107899+00:00] gps_attendance.DEBUG: Logger initialized (debug mode active) [] []
[2025-11-12T19:54:31.109413+00:00] gps_attendance.INFO: Bootstrap loaded [] []
[2025-11-12T19:54:31.210452+00:00] gps_attendance.INFO: Link created {"id":"7b4a95a9-59d4-4e0f-9f79-75b6213ac913","lat":8.1596,"lng":4.25867,"radius":100,"target_url":"https://www.google.com","expires":"2025-11-12T20:59:00+00:00","created":"2025-11-12T19:54:31+00:00"} []
[2025-11-12T20:03:49.885153+00:00] gps_attendance.DEBUG: Logger initialized (debug mode active) [] []
[2025-11-12T20:03:49.892160+00:00] gps_attendance.INFO: Bootstrap loaded [] []
[2025-11-12T20:05:00.273186+00:00] gps_attendance.DEBUG: Logger initialized (debug mode active) [] []
[2025-11-12T20:05:00.276241+00:00] gps_attendance.INFO: Bootstrap loaded [] []
[2025-11-12T20:05:23.345177+00:00] gps_attendance.DEBUG: Logger initialized (debug mode active) [] []
[2025-11-12T20:05:23.347567+00:00] gps_attendance.INFO: Bootstrap loaded [] []
[2025-11-12T20:05:40.420604+00:00] gps_attendance.DEBUG: Logger initialized (debug mode active) [] []
[2025-11-12T20:05:40.422079+00:00] gps_attendance.INFO: Bootstrap loaded [] []
[2025-11-12T20:16:48.016709+00:00] gps_attendance.DEBUG: Logger initialized (debug mode active) [] []
[2025-11-12T20:16:48.024091+00:00] gps_attendance.INFO: Bootstrap loaded [] []
[2025-11-12T20:17:22.647069+00:00] gps_attendance.DEBUG: Logger initialized (debug mode active) [] []
[2025-11-12T20:17:22.666860+00:00] gps_attendance.INFO: Bootstrap loaded [] []
[2025-11-12T20:22:07.319503+00:00] gps_attendance.DEBUG: Logger initialized (debug mode active) [] []
[2025-11-12T20:22:07.322009+00:00] gps_attendance.INFO: Bootstrap loaded [] []
[2025-11-12T20:22:29.471189+00:00] gps_attendance.DEBUG: Logger initialized (debug mode active) [] []
[2025-11-12T20:22:29.474157+00:00] gps_attendance.INFO: Bootstrap loaded [] []
[2025-11-12T20:22:29.543040+00:00] gps_attendance.INFO: Link created {"id":"688591d7-ab3e-41c4-93d5-6f860b30f66f","lat":8.159979,"lng":4.258368,"radius":100,"target_url":"https://www.google.com","expires":"2025-11-12T21:30:00+00:00","created":"2025-11-12T20:22:29+00:00"} []
[2025-11-12T20:22:40.825207+00:00] gps_attendance.DEBUG: Logger initialized (debug mode active) [] []
[2025-11-12T20:22:40.826846+00:00] gps_attendance.INFO: Bootstrap loaded [] []
[2025-11-12T20:22:43.266926+00:00] gps_attendance.DEBUG: Logger initialized (debug mode active) [] []
[2025-11-12T20:22:43.272862+00:00] gps_attendance.INFO: Bootstrap loaded [] []
[2025-11-12T20:22:43.320246+00:00] gps_attendance.INFO: Access tracked {"link_id":"688591d7-ab3e-41c4-93d5-6f860b30f66f","success":true} []
[2025-11-12T20:22:43.320330+00:00] gps_attendance.INFO: Geo-fence access granted {"link_id":"688591d7-ab3e-41c4-93d5-6f860b30f66f","user_lat":"8.159979","user_lng":"4.258368","distance":0.0,"target":"https://www.google.com"} []
